[INFO] - Loading Properties File Data - - [01:23:02] - LogHelper 
[INFO] - Running Tests with Parallel Mode = [NONE] - - [01:23:02] - LogHelper 
[INFO] - Sending Post Request for URL [https://practice.expandtesting.com/notes/api/users/register] - - [01:23:10] - LogHelper 
[INFO] - Request Body : {"Name":"test2303367","Email":"test2303368@gmail.com","Password":"test@%^2303369"} - - [01:23:10] - LogHelper 
[INFO] - Response Body : {"success":true,"status":201,"message":"User account created successfully","data":{"id":"6726b460bac5db01525a2186","name":"test2303367","email":"test2303368@gmail.com"}} - - [01:23:10] - LogHelper 
[DEBUG] - Evaluating path: $['Messages']['Register'] - [01:23:11] - CompiledPath 
[INFO] - Getting Test Data [User account created successfully] by Json Path [Messages.Register] - - [01:23:11] - LogHelper 
[INFO] - Asserting actual result: [User account created successfully] equals expected result: [User account created successfully] - - [01:23:11] - LogHelper 
[INFO] - Assertion Passed - - [01:23:11] - LogHelper 
[DEBUG] - Evaluating path: $['SuccessFlag']['Register'] - [01:23:11] - CompiledPath 
[INFO] - Getting Test Data [true] by Json Path [SuccessFlag.Register] - - [01:23:11] - LogHelper 
[INFO] - Asserting actual object: [true] equals expected object: [true] - - [01:23:11] - LogHelper 
[INFO] - Assertion Passed - - [01:23:11] - LogHelper 
[DEBUG] - Evaluating path: $['StatusCode']['Register'] - [01:23:11] - CompiledPath 
[INFO] - Getting Test Data [201] by Json Path [StatusCode.Register] - - [01:23:11] - LogHelper 
[INFO] - Asserting actual result: [201] equals expected result: [201] - - [01:23:11] - LogHelper 
[INFO] - Assertion Passed - - [01:23:11] - LogHelper 
[INFO] - Asserting actual result: [test2303367] equals expected result: [test2303367] - - [01:23:11] - LogHelper 
[INFO] - Assertion Passed - - [01:23:11] - LogHelper 
[INFO] - Asserting actual result: [test2303368@gmail.com] equals expected result: [test2303368@gmail.com] - - [01:23:11] - LogHelper 
[INFO] - Assertion Passed - - [01:23:11] - LogHelper 
[INFO] - Sending Post Request for URL [https://practice.expandtesting.com/notes/api/users/login] - - [01:23:11] - LogHelper 
[INFO] - Request Body : {"email":"test2303368@gmail.com","password":"test@%^2303369"} - - [01:23:11] - LogHelper 
[INFO] - Response Body : {"success":true,"status":200,"message":"Login successful","data":{"id":"6726b460bac5db01525a2186","name":"test2303367","email":"test2303368@gmail.com","token":"a7b2e4ec3a574de995f9dc71fed92287fd2967c7133546ebaaec4eca5760d42e"}} - - [01:23:11] - LogHelper 
[DEBUG] - Evaluating path: $['Messages']['Login'] - [01:23:11] - CompiledPath 
[INFO] - Getting Test Data [Login successful] by Json Path [Messages.Login] - - [01:23:11] - LogHelper 
[INFO] - Asserting actual result: [Login successful] equals expected result: [Login successful] - - [01:23:11] - LogHelper 
[INFO] - Assertion Passed - - [01:23:11] - LogHelper 
[DEBUG] - Evaluating path: $['SuccessFlag']['Login'] - [01:23:11] - CompiledPath 
[INFO] - Getting Test Data [true] by Json Path [SuccessFlag.Login] - - [01:23:11] - LogHelper 
[INFO] - Asserting actual object: [true] equals expected object: [true] - - [01:23:11] - LogHelper 
[INFO] - Assertion Passed - - [01:23:11] - LogHelper 
[DEBUG] - Evaluating path: $['StatusCode']['Login'] - [01:23:11] - CompiledPath 
[INFO] - Getting Test Data [200] by Json Path [StatusCode.Login] - - [01:23:11] - LogHelper 
[INFO] - Asserting actual result: [200] equals expected result: [200] - - [01:23:11] - LogHelper 
[INFO] - Assertion Passed - - [01:23:11] - LogHelper 
[INFO] - Asserting condition is False - - [01:23:11] - LogHelper 
[INFO] - Assertion Passed - - [01:23:11] - LogHelper 
[DEBUG] - Evaluating path: $['RegisterDataInputs'][0] - [01:23:12] - CompiledPath 
[INFO] - Getting Test Data [{"Name":"Ahmed234","Email":"ahmeds200200@gmail.com","Password":"StrongPass123"}] by Json Path [RegisterDataInputs[0]] - - [01:23:12] - LogHelper 
[INFO] - Sending Post Request for URL [https://practice.expandtesting.com/notes/api/users/register] - - [01:23:12] - LogHelper 
[INFO] - Request Body : {"Name":"Ahmed234","Email":"ahmeds200200@gmail.com","Password":"StrongPass123"} - - [01:23:12] - LogHelper 
[INFO] - Response Body : {"success":true,"status":201,"message":"User account created successfully","data":{"id":"6726b462bac5db01525a218d","name":"Ahmed234","email":"ahmeds200200@gmail.com"}} - - [01:23:12] - LogHelper 
[DEBUG] - Evaluating path: $['Messages']['Register'] - [01:23:12] - CompiledPath 
[INFO] - Getting Test Data [User account created successfully] by Json Path [Messages.Register] - - [01:23:12] - LogHelper 
[INFO] - Asserting actual result: [User account created successfully] equals expected result: [User account created successfully] - - [01:23:12] - LogHelper 
[INFO] - Assertion Passed - - [01:23:12] - LogHelper 
[DEBUG] - Evaluating path: $['SuccessFlag']['Register'] - [01:23:12] - CompiledPath 
[INFO] - Getting Test Data [true] by Json Path [SuccessFlag.Register] - - [01:23:12] - LogHelper 
[INFO] - Asserting actual object: [true] equals expected object: [true] - - [01:23:12] - LogHelper 
[INFO] - Assertion Passed - - [01:23:12] - LogHelper 
[DEBUG] - Evaluating path: $['StatusCode']['Register'] - [01:23:12] - CompiledPath 
[INFO] - Getting Test Data [201] by Json Path [StatusCode.Register] - - [01:23:12] - LogHelper 
[INFO] - Asserting actual result: [201] equals expected result: [201] - - [01:23:12] - LogHelper 
[INFO] - Assertion Passed - - [01:23:12] - LogHelper 
[INFO] - Asserting actual result: [Ahmed234] equals expected result: [Ahmed234] - - [01:23:12] - LogHelper 
[INFO] - Assertion Passed - - [01:23:12] - LogHelper 
[INFO] - Asserting actual result: [ahmeds200200@gmail.com] equals expected result: [ahmeds200200@gmail.com] - - [01:23:12] - LogHelper 
[INFO] - Assertion Passed - - [01:23:12] - LogHelper 
[INFO] - Sending Post Request for URL [https://practice.expandtesting.com/notes/api/users/login] - - [01:23:13] - LogHelper 
[INFO] - Request Body : {"email":"ahmeds200200@gmail.com","password":"StrongPass123"} - - [01:23:13] - LogHelper 
[INFO] - Response Body : {"success":true,"status":200,"message":"Login successful","data":{"id":"6726b462bac5db01525a218d","name":"Ahmed234","email":"ahmeds200200@gmail.com","token":"0f86a2c9991346fe999ff83ca4a1e5a9b9fd8dc8be6a4b7d9f6c21a0485c7b62"}} - - [01:23:13] - LogHelper 
[DEBUG] - Evaluating path: $['Messages']['Login'] - [01:23:13] - CompiledPath 
[INFO] - Getting Test Data [Login successful] by Json Path [Messages.Login] - - [01:23:13] - LogHelper 
[INFO] - Asserting actual result: [Login successful] equals expected result: [Login successful] - - [01:23:13] - LogHelper 
[INFO] - Assertion Passed - - [01:23:13] - LogHelper 
[DEBUG] - Evaluating path: $['SuccessFlag']['Login'] - [01:23:13] - CompiledPath 
[INFO] - Getting Test Data [true] by Json Path [SuccessFlag.Login] - - [01:23:13] - LogHelper 
[INFO] - Asserting actual object: [true] equals expected object: [true] - - [01:23:13] - LogHelper 
[INFO] - Assertion Passed - - [01:23:13] - LogHelper 
[DEBUG] - Evaluating path: $['StatusCode']['Login'] - [01:23:13] - CompiledPath 
[INFO] - Getting Test Data [200] by Json Path [StatusCode.Login] - - [01:23:13] - LogHelper 
[INFO] - Asserting actual result: [200] equals expected result: [200] - - [01:23:13] - LogHelper 
[INFO] - Assertion Passed - - [01:23:13] - LogHelper 
[INFO] - Asserting condition is False - - [01:23:13] - LogHelper 
[INFO] - Assertion Passed - - [01:23:13] - LogHelper 
[INFO] - Generating the Allure Report - - [01:23:25] - LogHelper 
